2024-01-28 18:48:14.845 [INFO ] [restartedMain] org.springframework.boot.StartupInfoLogger.logStarting:50 - Starting NagoyameshiApplication using Java 17.0.7 with PID 3312 (C:\Users\volle\OneDrive\デスクトップ\kadai_002\nagoyameshi\target\classes started by volle in C:\Users\volle\OneDrive\デスクトップ\kadai_002\nagoyameshi)
2024-01-28 18:48:14.853 [DEBUG] [restartedMain] org.springframework.boot.StartupInfoLogger.logStarting:51 - Running with Spring Boot v3.2.0, Spring v6.1.1
2024-01-28 18:48:14.854 [INFO ] [restartedMain] org.springframework.boot.SpringApplication.logStartupProfileInfo:659 - The following 1 profile is active: "develop"
2024-01-28 18:48:14.900 [INFO ] [restartedMain] org.springframework.boot.logging.DeferredLog.logTo:252 - Devtools property defaults active! Set 'spring.devtools.add-properties' to 'false' to disable
2024-01-28 18:48:14.900 [INFO ] [restartedMain] org.springframework.boot.logging.DeferredLog.logTo:252 - For additional web related logging consider setting the 'logging.level.web' property to 'DEBUG'
2024-01-28 18:48:15.627 [INFO ] [restartedMain] org.springframework.data.repository.config.RepositoryConfigurationDelegate.registerRepositoriesIn:139 - Bootstrapping Spring Data JPA repositories in DEFAULT mode.
2024-01-28 18:48:15.717 [INFO ] [restartedMain] org.springframework.data.repository.config.RepositoryConfigurationDelegate.registerRepositoriesIn:208 - Finished Spring Data repository scanning in 80 ms. Found 7 JPA repository interfaces.
2024-01-28 18:48:16.438 [INFO ] [restartedMain] org.springframework.boot.web.embedded.tomcat.TomcatWebServer.initialize:108 - Tomcat initialized with port 8080 (http)
2024-01-28 18:48:16.499 [INFO ] [restartedMain] org.springframework.boot.web.servlet.context.ServletWebServerApplicationContext.prepareWebApplicationContext:296 - Root WebApplicationContext: initialization completed in 1598 ms
2024-01-28 18:48:17.529 [INFO ] [restartedMain] org.springframework.orm.jpa.persistenceunit.SpringPersistenceUnitInfo.addTransformer:87 - No LoadTimeWeaver setup: ignoring JPA class transformer
2024-01-28 18:48:19.208 [INFO ] [restartedMain] org.springframework.orm.jpa.AbstractEntityManagerFactoryBean.buildNativeEntityManagerFactory:437 - Initialized JPA EntityManagerFactory for persistence unit 'default'
2024-01-28 18:48:19.687 [INFO ] [restartedMain] org.springframework.data.jpa.repository.query.QueryEnhancerFactory.<clinit>:49 - Hibernate is in classpath; If applicable, HQL parser will be used.
2024-01-28 18:48:20.222 [WARN ] [restartedMain] org.springframework.boot.autoconfigure.orm.jpa.JpaBaseConfiguration$JpaWebConfiguration.openEntityManagerInViewInterceptor:232 - spring.jpa.open-in-view is enabled by default. Therefore, database queries may be performed during view rendering. Explicitly configure spring.jpa.open-in-view to disable this warning
2024-01-28 18:48:20.348 [INFO ] [restartedMain] org.springframework.boot.autoconfigure.web.servlet.WelcomePageHandlerMapping.<init>:59 - Adding welcome page template: index
2024-01-28 18:48:20.669 [INFO ] [restartedMain] org.springframework.security.web.DefaultSecurityFilterChain.<init>:54 - Will secure any request with [org.springframework.security.web.session.DisableEncodeUrlFilter@2b1a86e6, org.springframework.security.web.context.request.async.WebAsyncManagerIntegrationFilter@14005577, org.springframework.security.web.context.SecurityContextHolderFilter@f5da91e, org.springframework.security.web.header.HeaderWriterFilter@1eceecc1, org.springframework.web.filter.CorsFilter@357a1ace, org.springframework.security.web.csrf.CsrfFilter@2457fa66, org.springframework.security.web.authentication.logout.LogoutFilter@9fdede5, org.springframework.security.web.authentication.UsernamePasswordAuthenticationFilter@5409fed4, org.springframework.security.web.savedrequest.RequestCacheAwareFilter@21eb7def, org.springframework.security.web.servletapi.SecurityContextHolderAwareRequestFilter@1de7f83b, org.springframework.security.web.authentication.AnonymousAuthenticationFilter@744e40ab, org.springframework.security.web.access.ExceptionTranslationFilter@64737d8f, org.springframework.security.web.access.intercept.AuthorizationFilter@688135a]
2024-01-28 18:48:21.193 [INFO ] [restartedMain] org.springframework.boot.devtools.autoconfigure.OptionalLiveReloadServer.startServer:59 - LiveReload server is running on port 35729
2024-01-28 18:48:21.270 [INFO ] [restartedMain] org.springframework.boot.web.embedded.tomcat.TomcatWebServer.start:221 - Tomcat started on port 8080 (http) with context path ''
2024-01-28 18:48:21.280 [INFO ] [restartedMain] org.springframework.boot.StartupInfoLogger.logStarted:56 - Started NagoyameshiApplication in 6.909 seconds (process running for 12.444)
2024-01-28 18:48:21.703 [INFO ] [http-nio-8080-exec-1] org.springframework.web.servlet.FrameworkServlet.initServletBean:532 - Initializing Servlet 'dispatcherServlet'
2024-01-28 18:48:21.704 [INFO ] [http-nio-8080-exec-1] org.springframework.web.servlet.FrameworkServlet.initServletBean:554 - Completed initialization in 1 ms
2024-01-28 18:48:21.721 [WARN ] [http-nio-8080-exec-1] org.springframework.web.servlet.handler.HandlerMappingIntrospector$CacheResultLogHelper.logCacheMiss:454 - Cache miss for REQUEST dispatch to '/login' (previous null). Performing CorsConfiguration lookup. This is logged once only at WARN level, and every time at TRACE.
2024-01-28 18:48:22.293 [WARN ] [http-nio-8080-exec-2] org.springframework.web.servlet.handler.HandlerMappingIntrospector$CacheResultLogHelper.logCacheMiss:454 - Cache miss for REQUEST dispatch to '/css/style.css' (previous null). Performing MatchableHandlerMapping lookup. This is logged once only at WARN level, and every time at TRACE.
2024-01-28 19:44:42.335 [WARN ] [HikariPool-1 housekeeper] com.zaxxer.hikari.pool.HikariPool$HouseKeeper.run:804 - HikariPool-1 - Thread starvation or clock leap detected (housekeeper delta=3m24s470ms959µs300ns).
2024-01-28 20:45:02.303 [INFO ] [File Watcher] org.springframework.boot.devtools.autoconfigure.LocalDevToolsAutoConfiguration$RestartingClassPathChangeChangedEventListener.onApplicationEvent:211 - Restarting due to 4 class path changes (1 addition, 0 deletions, 3 modifications)
2024-01-28 20:45:02.366 [INFO ] [Thread-5] org.springframework.orm.jpa.AbstractEntityManagerFactoryBean.destroy:650 - Closing JPA EntityManagerFactory for persistence unit 'default'
2024-01-28 20:45:02.614 [INFO ] [restartedMain] org.springframework.boot.StartupInfoLogger.logStarting:50 - Starting NagoyameshiApplication using Java 17.0.7 with PID 3312 (C:\Users\volle\OneDrive\デスクトップ\kadai_002\nagoyameshi\target\classes started by volle in C:\Users\volle\OneDrive\デスクトップ\kadai_002\nagoyameshi)
2024-01-28 20:45:02.616 [DEBUG] [restartedMain] org.springframework.boot.StartupInfoLogger.logStarting:51 - Running with Spring Boot v3.2.0, Spring v6.1.1
2024-01-28 20:45:02.616 [INFO ] [restartedMain] org.springframework.boot.SpringApplication.logStartupProfileInfo:659 - The following 1 profile is active: "develop"
2024-01-28 20:45:02.974 [INFO ] [restartedMain] org.springframework.data.repository.config.RepositoryConfigurationDelegate.registerRepositoriesIn:139 - Bootstrapping Spring Data JPA repositories in DEFAULT mode.
2024-01-28 20:45:03.010 [INFO ] [restartedMain] org.springframework.data.repository.config.RepositoryConfigurationDelegate.registerRepositoriesIn:208 - Finished Spring Data repository scanning in 35 ms. Found 7 JPA repository interfaces.
2024-01-28 20:45:04.204 [INFO ] [restartedMain] org.springframework.boot.web.embedded.tomcat.TomcatWebServer.initialize:108 - Tomcat initialized with port 8080 (http)
2024-01-28 20:45:04.305 [INFO ] [restartedMain] org.springframework.boot.web.servlet.context.ServletWebServerApplicationContext.prepareWebApplicationContext:296 - Root WebApplicationContext: initialization completed in 1686 ms
2024-01-28 20:45:04.405 [INFO ] [restartedMain] org.springframework.orm.jpa.persistenceunit.SpringPersistenceUnitInfo.addTransformer:87 - No LoadTimeWeaver setup: ignoring JPA class transformer
2024-01-28 20:45:04.501 [INFO ] [restartedMain] org.springframework.orm.jpa.AbstractEntityManagerFactoryBean.buildNativeEntityManagerFactory:437 - Initialized JPA EntityManagerFactory for persistence unit 'default'
2024-01-28 20:45:04.807 [WARN ] [restartedMain] org.springframework.boot.autoconfigure.orm.jpa.JpaBaseConfiguration$JpaWebConfiguration.openEntityManagerInViewInterceptor:232 - spring.jpa.open-in-view is enabled by default. Therefore, database queries may be performed during view rendering. Explicitly configure spring.jpa.open-in-view to disable this warning
2024-01-28 20:45:04.831 [INFO ] [restartedMain] org.springframework.boot.autoconfigure.web.servlet.WelcomePageHandlerMapping.<init>:59 - Adding welcome page template: index
2024-01-28 20:45:04.944 [INFO ] [restartedMain] org.springframework.security.web.DefaultSecurityFilterChain.<init>:54 - Will secure any request with [org.springframework.security.web.session.DisableEncodeUrlFilter@58e98821, org.springframework.security.web.context.request.async.WebAsyncManagerIntegrationFilter@4efea007, org.springframework.security.web.context.SecurityContextHolderFilter@742a2e6d, org.springframework.security.web.header.HeaderWriterFilter@1863ab61, org.springframework.web.filter.CorsFilter@28df6373, org.springframework.security.web.csrf.CsrfFilter@55842f99, org.springframework.security.web.authentication.logout.LogoutFilter@5e6f5fa9, org.springframework.security.web.authentication.UsernamePasswordAuthenticationFilter@7c5f1214, org.springframework.security.web.savedrequest.RequestCacheAwareFilter@a63f96, org.springframework.security.web.servletapi.SecurityContextHolderAwareRequestFilter@4f45031e, org.springframework.security.web.authentication.AnonymousAuthenticationFilter@2c140bce, org.springframework.security.web.access.ExceptionTranslationFilter@282cf00c, org.springframework.security.web.access.intercept.AuthorizationFilter@372a3da6]
2024-01-28 20:45:05.068 [INFO ] [restartedMain] org.springframework.boot.devtools.autoconfigure.OptionalLiveReloadServer.startServer:59 - LiveReload server is running on port 35729
2024-01-28 20:45:05.093 [INFO ] [restartedMain] org.springframework.boot.web.embedded.tomcat.TomcatWebServer.start:221 - Tomcat started on port 8080 (http) with context path ''
2024-01-28 20:45:05.098 [INFO ] [restartedMain] org.springframework.boot.StartupInfoLogger.logStarted:56 - Started NagoyameshiApplication in 2.564 seconds (process running for 7016.262)
2024-01-28 20:45:05.101 [INFO ] [restartedMain] org.springframework.boot.devtools.autoconfigure.ConditionEvaluationDeltaLoggingListener.onApplicationEvent:63 - Condition evaluation unchanged
2024-01-28 20:45:07.848 [INFO ] [RMI TCP Connection(124)-127.0.0.1] org.springframework.boot.admin.SpringApplicationAdminMXBeanRegistrar$SpringApplicationAdmin.shutdown:159 - Application shutdown requested.
2024-01-28 20:45:07.867 [INFO ] [RMI TCP Connection(124)-127.0.0.1] org.springframework.orm.jpa.AbstractEntityManagerFactoryBean.destroy:650 - Closing JPA EntityManagerFactory for persistence unit 'default'
